<?xml version="1.0" encoding="UTF-8"?>
<testsuite name="Test"
           tests="3"
           failures="1"
           errors="0"
           skipped="0"
           time="2.012">
  <properties />
            <testcase name="Firstmethod" time="2.008" classname="eMB.Test.TestCases.Test1">
                <failure type="java.lang.IllegalArgumentException"
                  message="Keys to send should be a not null CharSequence"
              >
<![CDATA[java.lang.IllegalArgumentException: Keys to send should be a not null CharSequence
  org.openqa.selenium.remote.RemoteWebElement.sendKeys(RemoteWebElement.java:90)
  eMB.Test.TestCases.Test1.Firstmethod(Test1.java:38)
  java.base/jdk.internal.reflect.DirectMethodHandleAccessor.invoke(DirectMethodHandleAccessor.java:104)
  java.base/java.lang.reflect.Method.invoke(Method.java:577)
  org.testng.internal.MethodInvocationHelper.invokeMethod(MethodInvocationHelper.java:133)
  org.testng.internal.TestInvoker.invokeMethod(TestInvoker.java:598)
  org.testng.internal.TestInvoker.invokeTestMethod(TestInvoker.java:173)
  org.testng.internal.MethodRunner.runInSequence(MethodRunner.java:46)
  org.testng.internal.TestInvoker$MethodInvocationAgent.invoke(TestInvoker.java:824)
  org.testng.internal.TestInvoker.invokeTestMethods(TestInvoker.java:146)
  org.testng.internal.TestMethodWorker.invokeTestMethods(TestMethodWorker.java:146)
  org.testng.internal.TestMethodWorker.run(TestMethodWorker.java:128)
  java.base/java.util.concurrent.ThreadPoolExecutor.runWorker(ThreadPoolExecutor.java:1136)
  java.base/java.util.concurrent.ThreadPoolExecutor$Worker.run(ThreadPoolExecutor.java:635)
  java.base/java.lang.Thread.run(Thread.java:833)
]]>
      </failure>

          </testcase>
  
  
            <testcase name="Secondmethod" time="0.002" classname="eMB.Test.TestCases.Test1" />
                <testcase name="Thirdmethod" time="0.002" classname="eMB.Test.TestCases.Test1" />
      
</testsuite>
